<?xml version="1.0" encoding="UTF-8"?>
<!-- Generated by org.testng.reporters.JUnitXMLReporter -->
<testsuite ignored="0" hostname="Victus" failures="0" tests="11" name="Test" time="44.728" errors="0" timestamp="2025-09-04T11:09:34 IST">
  <testcase classname="tests.LoginTest" name="VerifyLoginUIElements" time="2.184"/>
  <testcase classname="tests.LoginTest" name="LoginWithInvalidPhoneNumber" time="0.419"/>
  <testcase classname="tests.LoginTest" name="LoginWithValidPhoneNumber" time="0.654"/>
  <testcase classname="tests.ProductBrowsingTest" name="SearchWithoutAnyText" time="2.922"/>
  <testcase classname="tests.ProductBrowsingTest" name="SearchProduct" time="2.525"/>
  <testcase classname="tests.ProductBrowsingTest" name="ApplyFilter" time="21.028"/>
  <testcase classname="tests.ProductBrowsingTest" name="SortProduct" time="0.083"/>
  <testcase classname="tests.ProductBrowsingTest" name="VerifyProductDetails" time="2.971"/>
  <testcase classname="tests.CartAndOrderTest" name="AddProductToCart" time="0.186"/>
  <testcase classname="tests.CartAndOrderTest" name="VerifyProductPriceByChangingQTY" time="10.747"/>
  <testcase classname="tests.CartAndOrderTest" name="RemoveProductFromCart" time="0.478"/>
</testsuite> <!-- Test -->
